{"D:\\Projecrs\\collge\\frontend\\components\\StyledText.tsx": {"path":"D:\\Projecrs\\collge\\frontend\\components\\StyledText.tsx","statementMap":{"0":{"start":{"line":4,"column":2},"end":{"line":4,"column":80}}},"fnMap":{"0":{"name":"MonoText","decl":{"start":{"line":3,"column":16},"end":{"line":3,"column":24}},"loc":{"start":{"line":3,"column":43},"end":{"line":5,"column":1}},"line":3}},"branchMap":{},"s":{"0":1},"f":{"0":1},"b":{},"_coverageSchema":"1a1c01bbd47fc00a2c39e90264f33305004495a9","hash":"ad496c1d686f454af2cdb6f28a38f2b45e4e0050"}
,"D:\\Projecrs\\collge\\frontend\\components\\Themed.tsx": {"path":"D:\\Projecrs\\collge\\frontend\\components\\Themed.tsx","statementMap":{"0":{"start":{"line":23,"column":16},"end":{"line":23,"column":43}},"1":{"start":{"line":24,"column":25},"end":{"line":24,"column":37}},"2":{"start":{"line":26,"column":2},"end":{"line":30,"column":3}},"3":{"start":{"line":27,"column":4},"end":{"line":27,"column":26}},"4":{"start":{"line":29,"column":4},"end":{"line":29,"column":36}},"5":{"start":{"line":34,"column":58},"end":{"line":34,"column":63}},"6":{"start":{"line":35,"column":16},"end":{"line":35,"column":77}},"7":{"start":{"line":37,"column":2},"end":{"line":37,"column":68}},"8":{"start":{"line":41,"column":58},"end":{"line":41,"column":63}},"9":{"start":{"line":42,"column":26},"end":{"line":42,"column":79}},"10":{"start":{"line":44,"column":2},"end":{"line":44,"column":88}}},"fnMap":{"0":{"name":"useThemeColor","decl":{"start":{"line":19,"column":16},"end":{"line":19,"column":29}},"loc":{"start":{"line":22,"column":2},"end":{"line":31,"column":1}},"line":22},"1":{"name":"Text","decl":{"start":{"line":33,"column":16},"end":{"line":33,"column":20}},"loc":{"start":{"line":33,"column":39},"end":{"line":38,"column":1}},"line":33},"2":{"name":"View","decl":{"start":{"line":40,"column":16},"end":{"line":40,"column":20}},"loc":{"start":{"line":40,"column":39},"end":{"line":45,"column":1}},"line":40}},"branchMap":{"0":{"loc":{"start":{"line":23,"column":16},"end":{"line":23,"column":43}},"type":"binary-expr","locations":[{"start":{"line":23,"column":16},"end":{"line":23,"column":32}},{"start":{"line":23,"column":36},"end":{"line":23,"column":43}}],"line":23},"1":{"loc":{"start":{"line":26,"column":2},"end":{"line":30,"column":3}},"type":"if","locations":[{"start":{"line":26,"column":2},"end":{"line":30,"column":3}},{"start":{"line":28,"column":9},"end":{"line":30,"column":3}}],"line":26}},"s":{"0":1,"1":1,"2":1,"3":0,"4":1,"5":1,"6":1,"7":1,"8":0,"9":0,"10":0},"f":{"0":1,"1":1,"2":0},"b":{"0":[1,0],"1":[0,1]},"_coverageSchema":"1a1c01bbd47fc00a2c39e90264f33305004495a9","hash":"9a347dccb55a32dc93d26b526f35d76ce1e349d6"}
,"D:\\Projecrs\\collge\\frontend\\components\\Auth\\EmailCheck.js": {"path":"D:\\Projecrs\\collge\\frontend\\components\\Auth\\EmailCheck.js","statementMap":{"0":{"start":{"line":8,"column":19},"end":{"line":97,"column":1}},"1":{"start":{"line":11,"column":30},"end":{"line":11,"column":42}},"2":{"start":{"line":12,"column":22},"end":{"line":12,"column":43}},"3":{"start":{"line":13,"column":40},"end":{"line":13,"column":55}},"4":{"start":{"line":14,"column":32},"end":{"line":17,"column":7}},"5":{"start":{"line":18,"column":18},"end":{"line":18,"column":28}},"6":{"start":{"line":20,"column":25},"end":{"line":74,"column":5}},"7":{"start":{"line":22,"column":8},"end":{"line":73,"column":9}},"8":{"start":{"line":25,"column":12},"end":{"line":25,"column":31}},"9":{"start":{"line":26,"column":12},"end":{"line":30,"column":14}},"10":{"start":{"line":32,"column":31},"end":{"line":32,"column":127}},"11":{"start":{"line":34,"column":12},"end":{"line":59,"column":13}},"12":{"start":{"line":36,"column":33},"end":{"line":36,"column":102}},"13":{"start":{"line":38,"column":16},"end":{"line":51,"column":17}},"14":{"start":{"line":40,"column":33},"end":{"line":40,"column":54}},"15":{"start":{"line":42,"column":20},"end":{"line":42,"column":44}},"16":{"start":{"line":43,"column":20},"end":{"line":43,"column":106}},"17":{"start":{"line":45,"column":21},"end":{"line":51,"column":17}},"18":{"start":{"line":47,"column":20},"end":{"line":50,"column":22}},"19":{"start":{"line":55,"column":16},"end":{"line":58,"column":18}},"20":{"start":{"line":63,"column":12},"end":{"line":68,"column":14}},"21":{"start":{"line":72,"column":12},"end":{"line":72,"column":32}},"22":{"start":{"line":76,"column":4},"end":{"line":96,"column":5}},"23":{"start":{"line":78,"column":53},"end":{"line":78,"column":71}},"24":{"start":{"line":86,"column":28},"end":{"line":86,"column":42}},"25":{"start":{"line":87,"column":28},"end":{"line":87,"column":70}},"26":{"start":{"line":101,"column":15},"end":{"line":147,"column":2}}},"fnMap":{"0":{"name":"(anonymous_0)","decl":{"start":{"line":8,"column":19},"end":{"line":8,"column":20}},"loc":{"start":{"line":9,"column":0},"end":{"line":97,"column":1}},"line":9},"1":{"name":"(anonymous_1)","decl":{"start":{"line":20,"column":25},"end":{"line":20,"column":26}},"loc":{"start":{"line":21,"column":4},"end":{"line":74,"column":5}},"line":21},"2":{"name":"(anonymous_2)","decl":{"start":{"line":78,"column":47},"end":{"line":78,"column":48}},"loc":{"start":{"line":78,"column":53},"end":{"line":78,"column":71}},"line":78},"3":{"name":"(anonymous_3)","decl":{"start":{"line":84,"column":49},"end":{"line":84,"column":50}},"loc":{"start":{"line":85,"column":24},"end":{"line":88,"column":25}},"line":85}},"branchMap":{"0":{"loc":{"start":{"line":34,"column":12},"end":{"line":59,"column":13}},"type":"if","locations":[{"start":{"line":34,"column":12},"end":{"line":59,"column":13}},{"start":{"line":54,"column":12},"end":{"line":59,"column":13}}],"line":34},"1":{"loc":{"start":{"line":34,"column":16},"end":{"line":34,"column":58}},"type":"binary-expr","locations":[{"start":{"line":34,"column":16},"end":{"line":34,"column":38}},{"start":{"line":34,"column":42},"end":{"line":34,"column":58}}],"line":34},"2":{"loc":{"start":{"line":38,"column":16},"end":{"line":51,"column":17}},"type":"if","locations":[{"start":{"line":38,"column":16},"end":{"line":51,"column":17}},{"start":{"line":45,"column":21},"end":{"line":51,"column":17}}],"line":38},"3":{"loc":{"start":{"line":45,"column":21},"end":{"line":51,"column":17}},"type":"if","locations":[{"start":{"line":45,"column":21},"end":{"line":51,"column":17}},{"start":{},"end":{}}],"line":45},"4":{"loc":{"start":{"line":79,"column":75},"end":{"line":79,"column":119}},"type":"cond-expr","locations":[{"start":{"line":79,"column":99},"end":{"line":79,"column":108}},{"start":{"line":79,"column":111},"end":{"line":79,"column":119}}],"line":79},"5":{"loc":{"start":{"line":83,"column":25},"end":{"line":83,"column":128}},"type":"cond-expr","locations":[{"start":{"line":83,"column":41},"end":{"line":83,"column":121}},{"start":{"line":83,"column":124},"end":{"line":83,"column":128}}],"line":83},"6":{"loc":{"start":{"line":89,"column":115},"end":{"line":89,"column":135}},"type":"cond-expr","locations":[{"start":{"line":89,"column":128},"end":{"line":89,"column":131}},{"start":{"line":89,"column":134},"end":{"line":89,"column":135}}],"line":89}},"s":{"0":1,"1":22,"2":21,"3":21,"4":21,"5":21,"6":21,"7":5,"8":5,"9":5,"10":5,"11":5,"12":4,"13":3,"14":2,"15":2,"16":2,"17":1,"18":1,"19":1,"20":1,"21":5,"22":21,"23":0,"24":5,"25":5,"26":1},"f":{"0":22,"1":5,"2":0,"3":5},"b":{"0":[4,1],"1":[5,4],"2":[2,1],"3":[1,0],"4":[21,0],"5":[3,18],"6":[5,16]},"_coverageSchema":"1a1c01bbd47fc00a2c39e90264f33305004495a9","hash":"9540db894f151ec6d1cf0eeeac3cfe740cd99541"}
,"D:\\Projecrs\\collge\\frontend\\constants\\Colors.ts": {"path":"D:\\Projecrs\\collge\\frontend\\constants\\Colors.ts","statementMap":{"0":{"start":{"line":3,"column":23},"end":{"line":3,"column":32}},"1":{"start":{"line":4,"column":22},"end":{"line":4,"column":28}}},"fnMap":{},"branchMap":{},"s":{"0":1,"1":1},"f":{},"b":{},"_coverageSchema":"1a1c01bbd47fc00a2c39e90264f33305004495a9","hash":"fc37d44618935e1f70ee71409162e65788952f95"}
,"D:\\Projecrs\\collge\\frontend\\constants\\theme.js": {"path":"D:\\Projecrs\\collge\\frontend\\constants\\theme.js","statementMap":{"0":{"start":{"line":3,"column":15},"end":{"line":15,"column":1}},"1":{"start":{"line":17,"column":13},"end":{"line":20,"column":1}},"2":{"start":{"line":22,"column":18},"end":{"line":25,"column":1}},"3":{"start":{"line":27,"column":14},"end":{"line":29,"column":1}},"4":{"start":{"line":31,"column":15},"end":{"line":33,"column":1}},"5":{"start":{"line":35,"column":14},"end":{"line":44,"column":1}},"6":{"start":{"line":46,"column":15},"end":{"line":73,"column":1}},"7":{"start":{"line":75,"column":16},"end":{"line":96,"column":1}},"8":{"start":{"line":98,"column":17},"end":{"line":100,"column":1}},"9":{"start":{"line":102,"column":14},"end":{"line":106,"column":1}},"10":{"start":{"line":108,"column":18},"end":{"line":112,"column":1}},"11":{"start":{"line":114,"column":46},"end":{"line":114,"column":106}},"12":{"start":{"line":117,"column":27},"end":{"line":145,"column":1}},"13":{"start":{"line":147,"column":24},"end":{"line":151,"column":1}}},"fnMap":{},"branchMap":{"0":{"loc":{"start":{"line":23,"column":11},"end":{"line":23,"column":69}},"type":"cond-expr","locations":[{"start":{"line":23,"column":35},"end":{"line":23,"column":48}},{"start":{"line":23,"column":51},"end":{"line":23,"column":69}}],"line":23},"1":{"loc":{"start":{"line":114,"column":46},"end":{"line":114,"column":106}},"type":"cond-expr","locations":[{"start":{"line":114,"column":74},"end":{"line":114,"column":102}},{"start":{"line":114,"column":105},"end":{"line":114,"column":106}}],"line":114}},"s":{"0":3,"1":3,"2":3,"3":3,"4":3,"5":3,"6":3,"7":3,"8":3,"9":3,"10":3,"11":3,"12":3,"13":3},"f":{},"b":{"0":[3,0],"1":[0,3]},"_coverageSchema":"1a1c01bbd47fc00a2c39e90264f33305004495a9","hash":"2accc44e7a8a78e350b51ca6a159575ed31839cb"}
}
