TN:
SF:components\StyledText.tsx
FN:3,MonoText
FNF:1
FNH:1
FNDA:1,MonoText
DA:4,1
LF:1
LH:1
BRF:0
BRH:0
end_of_record
TN:
SF:components\Themed.tsx
FN:19,useThemeColor
FN:33,Text
FN:40,View
FNF:3
FNH:2
FNDA:1,useThemeColor
FNDA:1,Text
FNDA:0,View
DA:23,1
DA:24,1
DA:26,1
DA:27,0
DA:29,1
DA:34,1
DA:35,1
DA:37,1
DA:41,0
DA:42,0
DA:44,0
LF:11
LH:7
BRDA:23,0,0,1
BRDA:23,0,1,0
BRDA:26,1,0,0
BRDA:26,1,1,1
BRF:4
BRH:2
end_of_record
TN:
SF:components\Auth\EmailCheck.js
FN:8,(anonymous_0)
FN:20,(anonymous_1)
FN:78,(anonymous_2)
FN:84,(anonymous_3)
FNF:4
FNH:3
FNDA:22,(anonymous_0)
FNDA:5,(anonymous_1)
FNDA:0,(anonymous_2)
FNDA:5,(anonymous_3)
DA:8,1
DA:11,22
DA:12,21
DA:13,21
DA:14,21
DA:18,21
DA:20,21
DA:22,5
DA:25,5
DA:26,5
DA:32,5
DA:34,5
DA:36,4
DA:38,3
DA:40,2
DA:42,2
DA:43,2
DA:45,1
DA:47,1
DA:55,1
DA:63,1
DA:72,5
DA:76,21
DA:78,0
DA:86,5
DA:87,5
DA:101,1
LF:27
LH:26
BRDA:34,0,0,4
BRDA:34,0,1,1
BRDA:34,1,0,5
BRDA:34,1,1,4
BRDA:38,2,0,2
BRDA:38,2,1,1
BRDA:45,3,0,1
BRDA:45,3,1,0
BRDA:79,4,0,21
BRDA:79,4,1,0
BRDA:83,5,0,3
BRDA:83,5,1,18
BRDA:89,6,0,5
BRDA:89,6,1,16
BRF:14
BRH:12
end_of_record
TN:
SF:constants\Colors.ts
FNF:0
FNH:0
DA:3,1
DA:4,1
LF:2
LH:2
BRF:0
BRH:0
end_of_record
TN:
SF:constants\theme.js
FNF:0
FNH:0
DA:3,3
DA:17,3
DA:22,3
DA:27,3
DA:31,3
DA:35,3
DA:46,3
DA:75,3
DA:98,3
DA:102,3
DA:108,3
DA:114,3
DA:117,3
DA:147,3
LF:14
LH:14
BRDA:23,0,0,3
BRDA:23,0,1,0
BRDA:114,1,0,0
BRDA:114,1,1,3
BRF:4
BRH:2
end_of_record
