{"D:\\Projecrs\\collge\\frontend\\components\\StyledText.tsx": {"path":"D:\\Projecrs\\collge\\frontend\\components\\StyledText.tsx","statementMap":{"0":{"start":{"line":4,"column":2},"end":{"line":4,"column":80}}},"fnMap":{"0":{"name":"MonoText","decl":{"start":{"line":3,"column":16},"end":{"line":3,"column":24}},"loc":{"start":{"line":3,"column":43},"end":{"line":5,"column":1}},"line":3}},"branchMap":{},"s":{"0":1},"f":{"0":1},"b":{},"_coverageSchema":"1a1c01bbd47fc00a2c39e90264f33305004495a9","hash":"ad496c1d686f454af2cdb6f28a38f2b45e4e0050"}
,"D:\\Projecrs\\collge\\frontend\\components\\Themed.tsx": {"path":"D:\\Projecrs\\collge\\frontend\\components\\Themed.tsx","statementMap":{"0":{"start":{"line":23,"column":16},"end":{"line":23,"column":43}},"1":{"start":{"line":24,"column":25},"end":{"line":24,"column":37}},"2":{"start":{"line":26,"column":2},"end":{"line":30,"column":3}},"3":{"start":{"line":27,"column":4},"end":{"line":27,"column":26}},"4":{"start":{"line":29,"column":4},"end":{"line":29,"column":36}},"5":{"start":{"line":34,"column":58},"end":{"line":34,"column":63}},"6":{"start":{"line":35,"column":16},"end":{"line":35,"column":77}},"7":{"start":{"line":37,"column":2},"end":{"line":37,"column":68}},"8":{"start":{"line":41,"column":58},"end":{"line":41,"column":63}},"9":{"start":{"line":42,"column":26},"end":{"line":42,"column":79}},"10":{"start":{"line":44,"column":2},"end":{"line":44,"column":88}}},"fnMap":{"0":{"name":"useThemeColor","decl":{"start":{"line":19,"column":16},"end":{"line":19,"column":29}},"loc":{"start":{"line":22,"column":2},"end":{"line":31,"column":1}},"line":22},"1":{"name":"Text","decl":{"start":{"line":33,"column":16},"end":{"line":33,"column":20}},"loc":{"start":{"line":33,"column":39},"end":{"line":38,"column":1}},"line":33},"2":{"name":"View","decl":{"start":{"line":40,"column":16},"end":{"line":40,"column":20}},"loc":{"start":{"line":40,"column":39},"end":{"line":45,"column":1}},"line":40}},"branchMap":{"0":{"loc":{"start":{"line":23,"column":16},"end":{"line":23,"column":43}},"type":"binary-expr","locations":[{"start":{"line":23,"column":16},"end":{"line":23,"column":32}},{"start":{"line":23,"column":36},"end":{"line":23,"column":43}}],"line":23},"1":{"loc":{"start":{"line":26,"column":2},"end":{"line":30,"column":3}},"type":"if","locations":[{"start":{"line":26,"column":2},"end":{"line":30,"column":3}},{"start":{"line":28,"column":9},"end":{"line":30,"column":3}}],"line":26}},"s":{"0":1,"1":1,"2":1,"3":0,"4":1,"5":1,"6":1,"7":1,"8":0,"9":0,"10":0},"f":{"0":1,"1":1,"2":0},"b":{"0":[1,1],"1":[0,1]},"_coverageSchema":"1a1c01bbd47fc00a2c39e90264f33305004495a9","hash":"9a347dccb55a32dc93d26b526f35d76ce1e349d6"}
,"D:\\Projecrs\\collge\\frontend\\components\\Auth\\ChooseOp.js": {"path":"D:\\Projecrs\\collge\\frontend\\components\\Auth\\ChooseOp.js","statementMap":{"0":{"start":{"line":9,"column":17},"end":{"line":70,"column":1}},"1":{"start":{"line":11,"column":22},"end":{"line":11,"column":52}},"2":{"start":{"line":13,"column":34},"end":{"line":13,"column":48}},"3":{"start":{"line":15,"column":29},"end":{"line":18,"column":5}},"4":{"start":{"line":17,"column":8},"end":{"line":17,"column":57}},"5":{"start":{"line":39,"column":4},"end":{"line":42,"column":10}},"6":{"start":{"line":41,"column":8},"end":{"line":41,"column":26}},"7":{"start":{"line":44,"column":4},"end":{"line":69,"column":5}},"8":{"start":{"line":59,"column":75},"end":{"line":59,"column":104}},"9":{"start":{"line":63,"column":53},"end":{"line":63,"column":82}},"10":{"start":{"line":74,"column":15},"end":{"line":136,"column":2}}},"fnMap":{"0":{"name":"(anonymous_0)","decl":{"start":{"line":9,"column":17},"end":{"line":9,"column":18}},"loc":{"start":{"line":10,"column":0},"end":{"line":70,"column":1}},"line":10},"1":{"name":"(anonymous_1)","decl":{"start":{"line":15,"column":29},"end":{"line":15,"column":30}},"loc":{"start":{"line":16,"column":4},"end":{"line":18,"column":5}},"line":16},"2":{"name":"(anonymous_2)","decl":{"start":{"line":39,"column":14},"end":{"line":39,"column":15}},"loc":{"start":{"line":40,"column":4},"end":{"line":42,"column":5}},"line":40},"3":{"name":"(anonymous_3)","decl":{"start":{"line":59,"column":69},"end":{"line":59,"column":70}},"loc":{"start":{"line":59,"column":75},"end":{"line":59,"column":104}},"line":59},"4":{"name":"(anonymous_4)","decl":{"start":{"line":63,"column":47},"end":{"line":63,"column":48}},"loc":{"start":{"line":63,"column":53},"end":{"line":63,"column":82}},"line":63}},"branchMap":{},"s":{"0":1,"1":0,"2":0,"3":0,"4":0,"5":0,"6":0,"7":0,"8":0,"9":0,"10":1},"f":{"0":0,"1":0,"2":0,"3":0,"4":0},"b":{},"_coverageSchema":"1a1c01bbd47fc00a2c39e90264f33305004495a9","hash":"18d1a9f663969b9aed1182f610bfd7b664251859"}
,"D:\\Projecrs\\collge\\frontend\\components\\Auth\\EmailCheck.js": {"path":"D:\\Projecrs\\collge\\frontend\\components\\Auth\\EmailCheck.js","statementMap":{"0":{"start":{"line":7,"column":19},"end":{"line":78,"column":1}},"1":{"start":{"line":10,"column":30},"end":{"line":10,"column":42}},"2":{"start":{"line":11,"column":22},"end":{"line":11,"column":43}},"3":{"start":{"line":12,"column":32},"end":{"line":15,"column":7}},"4":{"start":{"line":17,"column":25},"end":{"line":55,"column":5}},"5":{"start":{"line":19,"column":8},"end":{"line":54,"column":9}},"6":{"start":{"line":22,"column":31},"end":{"line":22,"column":81}},"7":{"start":{"line":24,"column":12},"end":{"line":49,"column":13}},"8":{"start":{"line":26,"column":33},"end":{"line":26,"column":102}},"9":{"start":{"line":28,"column":16},"end":{"line":41,"column":17}},"10":{"start":{"line":30,"column":33},"end":{"line":30,"column":54}},"11":{"start":{"line":32,"column":20},"end":{"line":32,"column":44}},"12":{"start":{"line":33,"column":20},"end":{"line":33,"column":106}},"13":{"start":{"line":35,"column":21},"end":{"line":41,"column":17}},"14":{"start":{"line":37,"column":20},"end":{"line":40,"column":22}},"15":{"start":{"line":45,"column":16},"end":{"line":48,"column":18}},"16":{"start":{"line":53,"column":12},"end":{"line":53,"column":41}},"17":{"start":{"line":57,"column":4},"end":{"line":77,"column":5}},"18":{"start":{"line":59,"column":53},"end":{"line":59,"column":71}},"19":{"start":{"line":67,"column":28},"end":{"line":67,"column":42}},"20":{"start":{"line":68,"column":28},"end":{"line":68,"column":70}},"21":{"start":{"line":82,"column":15},"end":{"line":128,"column":2}}},"fnMap":{"0":{"name":"(anonymous_0)","decl":{"start":{"line":7,"column":19},"end":{"line":7,"column":20}},"loc":{"start":{"line":8,"column":0},"end":{"line":78,"column":1}},"line":8},"1":{"name":"(anonymous_1)","decl":{"start":{"line":17,"column":25},"end":{"line":17,"column":26}},"loc":{"start":{"line":18,"column":4},"end":{"line":55,"column":5}},"line":18},"2":{"name":"(anonymous_2)","decl":{"start":{"line":59,"column":47},"end":{"line":59,"column":48}},"loc":{"start":{"line":59,"column":53},"end":{"line":59,"column":71}},"line":59},"3":{"name":"(anonymous_3)","decl":{"start":{"line":65,"column":49},"end":{"line":65,"column":50}},"loc":{"start":{"line":66,"column":24},"end":{"line":69,"column":25}},"line":66}},"branchMap":{"0":{"loc":{"start":{"line":24,"column":12},"end":{"line":49,"column":13}},"type":"if","locations":[{"start":{"line":24,"column":12},"end":{"line":49,"column":13}},{"start":{"line":44,"column":12},"end":{"line":49,"column":13}}],"line":24},"1":{"loc":{"start":{"line":24,"column":16},"end":{"line":24,"column":58}},"type":"binary-expr","locations":[{"start":{"line":24,"column":16},"end":{"line":24,"column":38}},{"start":{"line":24,"column":42},"end":{"line":24,"column":58}}],"line":24},"2":{"loc":{"start":{"line":28,"column":16},"end":{"line":41,"column":17}},"type":"if","locations":[{"start":{"line":28,"column":16},"end":{"line":41,"column":17}},{"start":{"line":35,"column":21},"end":{"line":41,"column":17}}],"line":28},"3":{"loc":{"start":{"line":35,"column":21},"end":{"line":41,"column":17}},"type":"if","locations":[{"start":{"line":35,"column":21},"end":{"line":41,"column":17}},{"start":{},"end":{}}],"line":35},"4":{"loc":{"start":{"line":60,"column":75},"end":{"line":60,"column":119}},"type":"cond-expr","locations":[{"start":{"line":60,"column":99},"end":{"line":60,"column":108}},{"start":{"line":60,"column":111},"end":{"line":60,"column":119}}],"line":60},"5":{"loc":{"start":{"line":64,"column":25},"end":{"line":64,"column":128}},"type":"cond-expr","locations":[{"start":{"line":64,"column":41},"end":{"line":64,"column":121}},{"start":{"line":64,"column":124},"end":{"line":64,"column":128}}],"line":64}},"s":{"0":1,"1":0,"2":0,"3":0,"4":0,"5":0,"6":0,"7":0,"8":0,"9":0,"10":0,"11":0,"12":0,"13":0,"14":0,"15":0,"16":0,"17":0,"18":0,"19":0,"20":0,"21":1},"f":{"0":0,"1":0,"2":0,"3":0},"b":{"0":[0,0],"1":[0,0],"2":[0,0],"3":[0,0],"4":[0,0],"5":[0,0]},"_coverageSchema":"1a1c01bbd47fc00a2c39e90264f33305004495a9","hash":"f281ad41c168756911670f20df1336b0fbe5f5dc"}
,"D:\\Projecrs\\collge\\frontend\\components\\Header\\Header.js": {"path":"D:\\Projecrs\\collge\\frontend\\components\\Header\\Header.js","statementMap":{"0":{"start":{"line":8,"column":15},"end":{"line":43,"column":1}},"1":{"start":{"line":11,"column":22},"end":{"line":11,"column":43}},"2":{"start":{"line":14,"column":4},"end":{"line":42,"column":5}},"3":{"start":{"line":27,"column":76},"end":{"line":27,"column":110}},"4":{"start":{"line":30,"column":83},"end":{"line":30,"column":124}},"5":{"start":{"line":33,"column":74},"end":{"line":33,"column":99}},"6":{"start":{"line":47,"column":15},"end":{"line":54,"column":2}}},"fnMap":{"0":{"name":"(anonymous_0)","decl":{"start":{"line":8,"column":15},"end":{"line":8,"column":16}},"loc":{"start":{"line":9,"column":0},"end":{"line":43,"column":1}},"line":9},"1":{"name":"(anonymous_1)","decl":{"start":{"line":27,"column":70},"end":{"line":27,"column":71}},"loc":{"start":{"line":27,"column":76},"end":{"line":27,"column":110}},"line":27},"2":{"name":"(anonymous_2)","decl":{"start":{"line":30,"column":77},"end":{"line":30,"column":78}},"loc":{"start":{"line":30,"column":83},"end":{"line":30,"column":124}},"line":30},"3":{"name":"(anonymous_3)","decl":{"start":{"line":33,"column":68},"end":{"line":33,"column":69}},"loc":{"start":{"line":33,"column":74},"end":{"line":33,"column":99}},"line":33}},"branchMap":{},"s":{"0":1,"1":0,"2":0,"3":0,"4":0,"5":0,"6":1},"f":{"0":0,"1":0,"2":0,"3":0},"b":{},"_coverageSchema":"1a1c01bbd47fc00a2c39e90264f33305004495a9","hash":"ff5c4161581ab36d73237b02af25502123215653"}
,"D:\\Projecrs\\collge\\frontend\\components\\Loading\\GeneralLoading.js": {"path":"D:\\Projecrs\\collge\\frontend\\components\\Loading\\GeneralLoading.js","statementMap":{"0":{"start":{"line":5,"column":23},"end":{"line":18,"column":1}},"1":{"start":{"line":8,"column":22},"end":{"line":8,"column":43}},"2":{"start":{"line":10,"column":4},"end":{"line":17,"column":5}},"3":{"start":{"line":22,"column":15},"end":{"line":22,"column":36}}},"fnMap":{"0":{"name":"(anonymous_0)","decl":{"start":{"line":5,"column":23},"end":{"line":5,"column":24}},"loc":{"start":{"line":6,"column":0},"end":{"line":18,"column":1}},"line":6}},"branchMap":{},"s":{"0":1,"1":0,"2":0,"3":1},"f":{"0":0},"b":{},"_coverageSchema":"1a1c01bbd47fc00a2c39e90264f33305004495a9","hash":"ab6e93c93c8c83d62d6580545031a7f0dc717112"}
,"D:\\Projecrs\\collge\\frontend\\constants\\Colors.ts": {"path":"D:\\Projecrs\\collge\\frontend\\constants\\Colors.ts","statementMap":{"0":{"start":{"line":3,"column":23},"end":{"line":3,"column":32}},"1":{"start":{"line":4,"column":22},"end":{"line":4,"column":28}}},"fnMap":{},"branchMap":{},"s":{"0":1,"1":1},"f":{},"b":{},"_coverageSchema":"1a1c01bbd47fc00a2c39e90264f33305004495a9","hash":"fc37d44618935e1f70ee71409162e65788952f95"}
,"D:\\Projecrs\\collge\\frontend\\constants\\theme.js": {"path":"D:\\Projecrs\\collge\\frontend\\constants\\theme.js","statementMap":{"0":{"start":{"line":3,"column":15},"end":{"line":13,"column":1}},"1":{"start":{"line":15,"column":13},"end":{"line":18,"column":1}},"2":{"start":{"line":20,"column":18},"end":{"line":23,"column":1}},"3":{"start":{"line":25,"column":14},"end":{"line":34,"column":1}},"4":{"start":{"line":36,"column":15},"end":{"line":63,"column":1}},"5":{"start":{"line":65,"column":16},"end":{"line":86,"column":1}},"6":{"start":{"line":88,"column":17},"end":{"line":90,"column":1}},"7":{"start":{"line":92,"column":18},"end":{"line":96,"column":1}}},"fnMap":{},"branchMap":{"0":{"loc":{"start":{"line":21,"column":11},"end":{"line":21,"column":69}},"type":"cond-expr","locations":[{"start":{"line":21,"column":35},"end":{"line":21,"column":48}},{"start":{"line":21,"column":51},"end":{"line":21,"column":69}}],"line":21}},"s":{"0":4,"1":4,"2":4,"3":4,"4":4,"5":4,"6":4,"7":4},"f":{},"b":{"0":[4,0]},"_coverageSchema":"1a1c01bbd47fc00a2c39e90264f33305004495a9","hash":"ee9aca0f04fee3d03b0dfdb7ffede7d0859a9ed8"}
}
