TN:
SF:components\StyledText.tsx
FN:3,MonoText
FNF:1
FNH:1
FNDA:1,MonoText
DA:4,1
LF:1
LH:1
BRF:0
BRH:0
end_of_record
TN:
SF:components\Themed.tsx
FN:19,useThemeColor
FN:33,Text
FN:40,View
FNF:3
FNH:2
FNDA:1,useThemeColor
FNDA:1,Text
FNDA:0,View
DA:23,1
DA:24,1
DA:26,1
DA:27,0
DA:29,1
DA:34,1
DA:35,1
DA:37,1
DA:41,0
DA:42,0
DA:44,0
LF:11
LH:7
BRDA:23,0,0,1
BRDA:23,0,1,1
BRDA:26,1,0,0
BRDA:26,1,1,1
BRF:4
BRH:3
end_of_record
TN:
SF:components\Auth\ChooseOp.js
FN:9,(anonymous_0)
FN:15,(anonymous_1)
FN:39,(anonymous_2)
FN:59,(anonymous_3)
FN:63,(anonymous_4)
FNF:5
FNH:0
FNDA:0,(anonymous_0)
FNDA:0,(anonymous_1)
FNDA:0,(anonymous_2)
FNDA:0,(anonymous_3)
FNDA:0,(anonymous_4)
DA:9,1
DA:11,0
DA:13,0
DA:15,0
DA:17,0
DA:39,0
DA:41,0
DA:44,0
DA:59,0
DA:63,0
DA:74,1
LF:11
LH:2
BRF:0
BRH:0
end_of_record
TN:
SF:components\Auth\EmailCheck.js
FN:7,(anonymous_0)
FN:17,(anonymous_1)
FN:59,(anonymous_2)
FN:65,(anonymous_3)
FNF:4
FNH:0
FNDA:0,(anonymous_0)
FNDA:0,(anonymous_1)
FNDA:0,(anonymous_2)
FNDA:0,(anonymous_3)
DA:7,1
DA:10,0
DA:11,0
DA:12,0
DA:17,0
DA:19,0
DA:22,0
DA:24,0
DA:26,0
DA:28,0
DA:30,0
DA:32,0
DA:33,0
DA:35,0
DA:37,0
DA:45,0
DA:53,0
DA:57,0
DA:59,0
DA:67,0
DA:68,0
DA:82,1
LF:22
LH:2
BRDA:24,0,0,0
BRDA:24,0,1,0
BRDA:24,1,0,0
BRDA:24,1,1,0
BRDA:28,2,0,0
BRDA:28,2,1,0
BRDA:35,3,0,0
BRDA:35,3,1,0
BRDA:60,4,0,0
BRDA:60,4,1,0
BRDA:64,5,0,0
BRDA:64,5,1,0
BRF:12
BRH:0
end_of_record
TN:
SF:components\Header\Header.js
FN:8,(anonymous_0)
FN:27,(anonymous_1)
FN:30,(anonymous_2)
FN:33,(anonymous_3)
FNF:4
FNH:0
FNDA:0,(anonymous_0)
FNDA:0,(anonymous_1)
FNDA:0,(anonymous_2)
FNDA:0,(anonymous_3)
DA:8,1
DA:11,0
DA:14,0
DA:27,0
DA:30,0
DA:33,0
DA:47,1
LF:7
LH:2
BRF:0
BRH:0
end_of_record
TN:
SF:components\Loading\GeneralLoading.js
FN:5,(anonymous_0)
FNF:1
FNH:0
FNDA:0,(anonymous_0)
DA:5,1
DA:8,0
DA:10,0
DA:22,1
LF:4
LH:2
BRF:0
BRH:0
end_of_record
TN:
SF:constants\Colors.ts
FNF:0
FNH:0
DA:3,1
DA:4,1
LF:2
LH:2
BRF:0
BRH:0
end_of_record
TN:
SF:constants\theme.js
FNF:0
FNH:0
DA:3,4
DA:15,4
DA:20,4
DA:25,4
DA:36,4
DA:65,4
DA:88,4
DA:92,4
LF:8
LH:8
BRDA:21,0,0,4
BRDA:21,0,1,0
BRF:2
BRH:1
end_of_record
